cvs_rev 2004-04-01

geometry.c,m4
----------------------------
revision 1.1
date: 2004/07/15 02:57:45;  author: dav480;  state: Exp;
define Nap_inPolygon
=============================================================================
land_flag.c
----------------------------
revision 1.1
date: 2004/08/11 02:44:04;  author: dav480;  state: Exp;
merge land_flag package into nap
=============================================================================
land_flag.h
----------------------------
revision 1.2
date: 2004/08/11 02:45:06;  author: dav480;  state: Exp;  lines: +7 -0
modify for nap
----------------------------
revision 1.1
date: 2004/08/11 02:44:04;  author: dav480;  state: Exp;
merge land_flag package into nap
=============================================================================
land_flag_i.c
----------------------------
revision 1.3
date: 2004/08/19 05:28:40;  author: dav480;  state: Exp;  lines: +1 -6
Fix problem with statically loaded version
----------------------------
revision 1.2
date: 2004/08/12 02:25:55;  author: dav480;  state: Exp;  lines: +10 -16
Land_flag_Init: Just create command, not package
----------------------------
revision 1.1
date: 2004/08/11 02:44:04;  author: dav480;  state: Exp;
merge land_flag package into nap
=============================================================================
nap.c,m4
----------------------------
revision 1.213
date: 2004/04/27 04:28:47;  author: dav480;  state: Exp;  lines: +17 -5
Implement "nap_info seconds"
=============================================================================
nap.h,m4
----------------------------
revision 1.193
date: 2004/07/15 02:57:45;  author: dav480;  state: Exp;  lines: +2 -1
define Nap_inPolygon
----------------------------
revision 1.192
date: 2004/07/09 12:03:55;  author: dav480;  state: Exp;  lines: +4 -1
triangulate
----------------------------
revision 1.191
date: 2004/05/04 08:00:17;  author: dav480;  state: Exp;  lines: +4 -4
macro IsNaN32: long -> int
=============================================================================
napDyad.c,m4
----------------------------
revision 1.139
date: 2004/07/13 06:50:33;  author: dav480;  state: Exp;  lines: +15 -5
Nap_SolveLinear: Do not overwrite args
----------------------------
revision 1.138
date: 2004/05/18 02:22:50;  author: dav480;  state: Exp;  lines: +123 -1
mv Nap_sort from napMonad.c,m4 to napDyad.c,m4: Support rank>1. Allow verbRank arg.
=============================================================================
napImgNAO.c
Image display for NAO's
=============================================================================
napInit.c
----------------------------
revision 1.16
date: 2004/08/11 02:48:17;  author: dav480;  state: Exp;  lines: +8 -1
Nap_Init: call Land_flag_Init
=============================================================================
napLib.c,m4
----------------------------
revision 1.193
date: 2004/08/02 07:16:49;  author: dav480;  state: Exp;  lines: +14 -9
Nap_GetFileName: Allow URL
----------------------------
revision 1.192
date: 2004/05/21 06:12:22;  author: dav480;  state: Exp;  lines: +33 -14
Nap_IndexOfNao: Fix problems with prev. mods
----------------------------
revision 1.191
date: 2004/05/21 00:11:24;  author: dav480;  state: Exp;  lines: +42 -15
Nap_IndexOfNao: Define result if non-monotonic. Nap_OilNao: Fix bug & improve efficiency
----------------------------
revision 1.190
date: 2004/05/14 07:20:57;  author: dav480;  state: Exp;  lines: +1 -19
Nap_GetNumericNaoFromId & Nap_GetNumericNaoFromSlot: rm crazy & redundant code
=============================================================================
napMonad.c,m4
----------------------------
revision 1.199
date: 2004/07/15 02:57:45;  author: dav480;  state: Exp;  lines: +3 -1
define Nap_inPolygon
----------------------------
revision 1.198
date: 2004/07/09 12:11:41;  author: dav480;  state: Exp;  lines: +5 -1
triangulate
----------------------------
revision 1.197
date: 2004/07/06 06:00:38;  author: dav480;  state: Exp;  lines: +2 -2
Nap_Tally: assert -> CHECK
----------------------------
revision 1.196
date: 2004/05/18 02:22:51;  author: dav480;  state: Exp;  lines: +1 -68
mv Nap_sort from napMonad.c,m4 to napDyad.c,m4: Support rank>1. Allow verbRank arg.
----------------------------
revision 1.195
date: 2004/04/29 05:16:48;  author: dav480;  state: Exp;  lines: +6 -6
Nap_Correlation: fix bugs
----------------------------
revision 1.194
date: 2004/04/28 07:40:58;  author: dav480;  state: Exp;  lines: +237 -150
split Nap_Correlation into Nap_Correlation & Nap_MovingCorrelation
=============================================================================
napParseLib.c,m4
----------------------------
revision 1.51
date: 2004/05/05 00:10:02;  author: dav480;  state: Exp;  lines: +4 -1
Nap_StringToNumber: Fix bug with hex consts
=============================================================================
napSpatial.c,m4
----------------------------
revision 1.12
date: 2004/07/08 23:48:22;  author: dav480;  state: Exp;  lines: +2 -2
comment only
=============================================================================
nap_check.h
created from part of nap.h,m4
=============================================================================
nap_get.c
----------------------------
revision 1.22
date: 2004/05/14 08:01:07;  author: dav480;  state: Exp;  lines: +3 -3
Fix various compiler warnings due to format %d with size_t, etc.
=============================================================================
nap_hdf.c,m4
----------------------------
revision 1.134
date: 2004/08/24 02:06:43;  author: dav480;  state: Exp;  lines: +18 -15
Nap_HdfPut: No longer open & close file. Nap_HdfPut: adjust to this
----------------------------
revision 1.133
date: 2004/08/23 05:41:36;  author: dav480;  state: Exp;  lines: +29 -17
Nap_HdfPut: fix bug when rank of cv > rank of main nao. Also tidy up ref. counting
----------------------------
revision 1.132
date: 2004/06/25 02:20:08;  author: dav480;  state: Exp;  lines: +8 -4
Do not write _FillValue if no missing value
=============================================================================
nap_hdf.h
----------------------------
revision 1.13
date: 2004/08/24 02:02:48;  author: dav480;  state: Exp;  lines: +27 -12
Nap_HdfPut: No longer open & close file.  Include Nap_HdfOpenFile & Nap_HdfCloseFile
=============================================================================
nap_netcdf.c,m4
----------------------------
revision 1.56
date: 2004/08/24 02:09:38;  author: dav480;  state: Exp;  lines: +16 -15
Nap_NetcdfPut: No longer open & close file. Nap_OOC_netcdf: adjust to this
----------------------------
revision 1.55
date: 2004/08/23 05:05:09;  author: dav480;  state: Exp;  lines: +33 -23
Nap_NetcdfPut: fix bug when rank of cv > rank of main nao. Also tidy up ref. counting
----------------------------
revision 1.54
date: 2004/06/25 02:20:08;  author: dav480;  state: Exp;  lines: +8 -4
Do not write _FillValue if no missing value
----------------------------
revision 1.53
date: 2004/04/01 11:28:12;  author: dav480;  state: Exp;  lines: +6 -1
Nap_NetcdfCreateVar: If CV has label then write as att "long_name"
=============================================================================
nap_ooc.c,m4
----------------------------
revision 1.39
date: 2004/08/27 01:34:36;  author: dav480;  state: Exp;  lines: +71 -28
Nap_SetValue & Nap_SetValueCopy: Support indirect indexing, etc.
----------------------------
revision 1.38
date: 2004/08/26 04:30:13;  author: dav480;  state: Exp;  lines: +2 -22
Nap_ObjectCommand: Fix mem. leak after errro
----------------------------
revision 1.37
date: 2004/07/06 06:02:58;  author: dav480;  state: Exp;  lines: +6 -2
Nap_AppendNAOValue: With c8 data treat NULL char as end of row
----------------------------
revision 1.36
date: 2004/05/14 08:01:08;  author: dav480;  state: Exp;  lines: +5 -5
Fix various compiler warnings due to format %d with size_t, etc.
----------------------------
revision 1.35
date: 2004/04/01 12:01:53;  author: dav480;  state: Exp;  lines: +2 -2
comment only
=============================================================================
triangulate.c
----------------------------
revision 1.2
date: 2004/07/09 13:09:00;  author: dav480;  state: Exp;  lines: +11 -11
malloc -> MALLOC, etc.
----------------------------
revision 1.1
date: 2004/07/09 12:08:03;  author: dav480;  state: Exp;
add
=============================================================================
triangulate.h
----------------------------
revision 1.2
date: 2004/07/09 13:07:55;  author: dav480;  state: Exp;  lines: +0 -10
rm redundant #defines
----------------------------
revision 1.1
date: 2004/07/09 12:08:03;  author: dav480;  state: Exp;
add
=============================================================================
