cvs_rev 2005-03-23

caps_nap_menu.tcl
----------------------------
revision 1.15
date: 2005/07/08 00:06:00;  author: dav480;  state: Exp;  lines: +4 -2
create_help_menu: allow version suffix on name of doc/ActiveTclHelp.chm
=============================================================================
date.tcl
----------------------------
revision 1.13
date: 2005/06/16 09:16:11;  author: dav480;  state: Exp;  lines: +20 -20
dim -> ndim. Comments
----------------------------
revision 1.12
date: 2005/06/16 07:35:56;  author: dav480;  state: Exp;  lines: +116 -1
New functions dateTime2days & days2dateTime
----------------------------
revision 1.11
date: 2005/05/21 11:48:02;  author: dav480;  state: Exp;  lines: +2 -2
dateTime2mjd: set unit "days since 1858-11-17 00:00"
=============================================================================
geog.tcl
----------------------------
revision 1.6
date: 2005/05/26 01:19:59;  author: dav480;  state: Exp;  lines: +3 -3
put_gridascii: Increase precision of XLLCORNER, YLLCORNER
----------------------------
revision 1.5
date: 2005/05/02 03:05:21;  author: dav480;  state: Exp;  lines: +30 -19
get_gridascii: new arg "unit"
=============================================================================
hdf.tcl
----------------------------
revision 1.122
date: 2005/07/07 08:10:52;  author: dav480;  state: Exp;  lines: +6 -2
create_index_widget: handle nels == 0
----------------------------
revision 1.121
date: 2005/05/29 12:45:50;  author: dav480;  state: Exp;  lines: +19 -1
close_window: new proc to Delete namespace associated with top-level window
=============================================================================
land.tcl
----------------------------
revision 1.5
date: 2005/07/04 06:12:56;  author: dav480;  state: Exp;  lines: +7 -3
is_land: If ::env(LAND_FLAG_DATA_DIR) defined then use
----------------------------
revision 1.4
date: 2005/06/15 23:17:02;  author: dav480;  state: Exp;  lines: +3 -3
land_flag -> nap_land_flag
=============================================================================
nap_function_lib.tcl
----------------------------
revision 1.45
date: 2005/05/02 06:40:12;  author: dav480;  state: Exp;  lines: +19 -1
mv palette_interpolate from plot_nao_procs.tcl to nap_function_lib.tcl
=============================================================================
nap_proc_lib.tcl
----------------------------
revision 1.13
date: 2005/04/28 11:42:54;  author: dav480;  state: Exp;  lines: +2 -2
Test: fix bug
----------------------------
revision 1.12
date: 2005/04/28 11:30:44;  author: dav480;  state: Exp;  lines: +8 -7
Test: more robust
----------------------------
revision 1.11
date: 2005/04/19 13:59:02;  author: dav480;  state: Exp;  lines: +2 -2
major mods, including use of parse tree
=============================================================================
plot_nao_procs.tcl
----------------------------
revision 1.118
date: 2005/06/30 06:22:33;  author: dav480;  state: Exp;  lines: +3 -1
redraw_z: Fix z ticks after redraw
----------------------------
revision 1.117
date: 2005/06/30 01:20:36;  author: dav480;  state: Exp;  lines: +7 -5
axis_major_ticks: better handling of crazy longitudes
----------------------------
revision 1.116
date: 2005/05/25 08:35:09;  author: dav480;  state: Exp;  lines: +30 -12
write_image_gui: Provide cancel button
----------------------------
revision 1.115
date: 2005/05/02 06:54:11;  author: dav480;  state: Exp;  lines: +9 -14
mv palette_interpolate from plot_nao_procs.tcl to nap_function_lib.tcl
----------------------------
revision 1.114
date: 2005/03/23 03:14:06;  author: dav480;  state: Exp;  lines: +54 -31
New options -xproc and -yproc. geog_format->axis_tick_text
=============================================================================
